<?xml version="1.0" encoding="UTF-8"?>
<!-- Generated by org.testng.reporters.JUnitXMLReporter -->
<testsuite ignored="0" hostname="srini" failures="2" tests="2" name="edgetest" time="23.696" errors="0" timestamp="2023-05-16T06:39:44 BST">
  <testcase classname="testngDemo.Paramtest" name="testlogo" time="15.023">
    <failure type="java.lang.AssertionError" message="null">
      <![CDATA[java.lang.AssertionError: null
at testngDemo.Paramtest.testlogo(Paramtest.java:49)
at java.base/java.util.ArrayList.forEach(ArrayList.java:1511)
at java.base/java.util.concurrent.FutureTask.run(FutureTask.java:264)
at java.base/java.util.concurrent.ThreadPoolExecutor.runWorker(ThreadPoolExecutor.java:1136)
at java.base/java.util.concurrent.ThreadPoolExecutor$Worker.run(ThreadPoolExecutor.java:635)
at java.base/java.lang.Thread.run(Thread.java:833)
... Removed 20 stack frames]]>
    </failure>
  </testcase> <!-- testlogo -->
  <testcase classname="testngDemo.Paramtest" name="testTitle" time="0.009">
    <failure type="java.lang.AssertionError" message="Titles are not matched expected [nopCommerce demo store. Login] but found [OrangeHRM]">
      <![CDATA[java.lang.AssertionError: Titles are not matched expected [nopCommerce demo store. Login] but found [OrangeHRM]
at testngDemo.Paramtest.testTitle(Paramtest.java:58)
at java.base/java.util.ArrayList.forEach(ArrayList.java:1511)
at java.base/java.util.concurrent.FutureTask.run(FutureTask.java:264)
at java.base/java.util.concurrent.ThreadPoolExecutor.runWorker(ThreadPoolExecutor.java:1136)
at java.base/java.util.concurrent.ThreadPoolExecutor$Worker.run(ThreadPoolExecutor.java:635)
at java.base/java.lang.Thread.run(Thread.java:833)
... Removed 23 stack frames]]>
    </failure>
  </testcase> <!-- testTitle -->
</testsuite> <!-- edgetest -->
